main_stock.py --dataset ./data/copper.pkl --task-name copper --gan-batch-size 16

Namespace(dataset='./data/copper.pkl', devi='0', epochs=1000, iterations=15000, d_update=5, log_dir='../stock_result', task_name='copper', python_seed=3434606401906224355, debug=False, eval_ae=False, fix_ae=None, fix_gan=None, ae_batch_size=128, gan_batch_size=16, embed_dim=96, hidden_dim=24, layers=3, ae_lr=0.001, weight_decay=0, scale=1, dropout=0.0, gan_lr=0.0001, gan_alpha=0.99, noise_dim=96, generate_samples=False, gen_data_name='1')
Python random seed: 3434606401906224355
Epoch:1 0.8405444622039795	0.07620376348495483	0.0	0.07620376348495483
Epoch:6 0.09592533111572266	0.06934671103954315	0.0	0.06934671103954315
Epoch:11 0.09629273414611816	0.06317359209060669	0.0	0.06317359209060669
Epoch:16 0.1090233325958252	0.05731550231575966	0.0	0.05731550231575966
Epoch:21 0.09594154357910156	0.052219588309526443	0.0	0.052219588309526443
Epoch:26 0.08525371551513672	0.04830809310078621	0.0	0.04830809310078621
Epoch:31 0.10138463973999023	0.04551298916339874	0.0	0.04551298916339874
Epoch:36 0.09625029563903809	0.044038355350494385	0.0	0.044038355350494385
Epoch:41 0.09575819969177246	0.04333106055855751	0.0	0.04333106055855751
Epoch:46 0.09845161437988281	0.04292561858892441	0.0	0.04292561858892441
Epoch:51 0.09116148948669434	0.04269377514719963	0.0	0.04269377514719963
Epoch:56 0.1195986270904541	0.04255041480064392	0.0	0.04255041480064392
Epoch:61 0.10316848754882812	0.04243672266602516	0.0	0.04243672266602516
Epoch:66 0.11200380325317383	0.0423511378467083	0.0	0.0423511378467083
Epoch:71 0.09045529365539551	0.042290326207876205	0.0	0.042290326207876205
Epoch:76 0.10486769676208496	0.04224247857928276	0.0	0.04224247857928276
Epoch:81 0.10361838340759277	0.04220348224043846	0.0	0.04220348224043846
Epoch:86 0.10619473457336426	0.04217484965920448	0.0	0.04217484965920448
Epoch:91 0.09608173370361328	0.04215089976787567	0.0	0.04215089976787567
Epoch:96 0.09641790390014648	0.04213086888194084	0.0	0.04213086888194084
Epoch:101 0.09567475318908691	0.04211468994617462	0.0	0.04211468994617462
Epoch:106 0.10701179504394531	0.042101211845874786	0.0	0.042101211845874786
Epoch:111 0.10599470138549805	0.04208763688802719	0.0	0.04208763688802719
Epoch:116 0.07514524459838867	0.04207739979028702	0.0	0.04207739979028702
Epoch:121 0.095245361328125	0.04206782951951027	0.0	0.04206782951951027
Epoch:126 0.09673213958740234	0.04206016659736633	0.0	0.04206016659736633
Epoch:131 0.09256458282470703	0.042052846401929855	0.0	0.042052846401929855
Epoch:136 0.08832383155822754	0.042046062648296356	0.0	0.042046062648296356
Epoch:141 0.10227179527282715	0.042039502412080765	0.0	0.042039502412080765
Epoch:146 0.09885907173156738	0.04203354939818382	0.0	0.04203354939818382
Epoch:151 0.09568047523498535	0.04202837869524956	0.0	0.04202837869524956
Epoch:156 0.09577822685241699	0.042021818459033966	0.0	0.042021818459033966
Epoch:161 0.11213231086730957	0.04201642423868179	0.0	0.04201642423868179
Epoch:166 0.08801460266113281	0.042009562253952026	0.0	0.042009562253952026
Epoch:171 0.12551379203796387	0.04200338199734688	0.0	0.04200338199734688
Epoch:176 0.10698914527893066	0.0419960618019104	0.0	0.0419960618019104
Epoch:181 0.10510540008544922	0.041987765580415726	0.0	0.041987765580415726
Epoch:186 0.09934306144714355	0.04197802394628525	0.0	0.04197802394628525
Epoch:191 0.10679864883422852	0.04196637123823166	0.0	0.04196637123823166
Epoch:196 0.10860943794250488	0.04195180535316467	0.0	0.04195180535316467
Epoch:201 0.09595346450805664	0.04193221405148506	0.0	0.04193221405148506
Epoch:206 0.10698986053466797	0.04190705344080925	0.0	0.04190705344080925
Epoch:211 0.09421658515930176	0.041869670152664185	0.0	0.041869670152664185
Epoch:216 0.0987238883972168	0.04181722551584244	0.0	0.04181722551584244
Epoch:221 0.12762951850891113	0.04173838719725609	0.0	0.04173838719725609
Epoch:226 0.08803057670593262	0.041618701070547104	0.0	0.041618701070547104
Epoch:231 0.08437943458557129	0.04143368452787399	0.0	0.04143368452787399
Epoch:236 0.10115551948547363	0.04114904627203941	0.0	0.04114904627203941
Epoch:241 0.10652565956115723	0.04071776941418648	0.0	0.04071776941418648
Epoch:246 0.10659265518188477	0.040146470069885254	0.0	0.040146470069885254
Epoch:251 0.10136938095092773	0.039545223116874695	0.0	0.039545223116874695
Epoch:256 0.09452271461486816	0.038962673395872116	0.0	0.038962673395872116
Epoch:261 0.1126699447631836	0.038360897451639175	0.0	0.038360897451639175
Epoch:266 0.13390040397644043	0.03782550245523453	0.0	0.03782550245523453
Epoch:271 0.09170961380004883	0.037364766001701355	0.0	0.037364766001701355
Epoch:276 0.11134099960327148	0.036927592009305954	0.0	0.036927592009305954
Epoch:281 0.10997629165649414	0.03651735931634903	0.0	0.03651735931634903
Epoch:286 0.09132075309753418	0.036130040884017944	0.0	0.036130040884017944
Epoch:291 0.08713650703430176	0.03580464422702789	0.0	0.03580464422702789
Epoch:296 0.09396243095397949	0.03549389913678169	0.0	0.03549389913678169
Epoch:301 0.10682940483093262	0.03520846739411354	0.0	0.03520846739411354
Epoch:306 0.08672809600830078	0.034967973828315735	0.0	0.034967973828315735
Epoch:311 0.07772541046142578	0.03476820886135101	0.0	0.03476820886135101
Epoch:316 0.0961003303527832	0.03459622710943222	0.0	0.03459622710943222
Epoch:321 0.10376095771789551	0.034435346722602844	0.0	0.034435346722602844
Epoch:326 0.07892680168151855	0.0342768132686615	0.0	0.0342768132686615
Epoch:331 0.10838508605957031	0.0341360904276371	0.0	0.0341360904276371
Epoch:336 0.09593892097473145	0.03400639444589615	0.0	0.03400639444589615
Epoch:341 0.1014256477355957	0.03388269990682602	0.0	0.03388269990682602
Epoch:346 0.11021757125854492	0.033759620040655136	0.0	0.033759620040655136
Epoch:351 0.11040329933166504	0.03362659737467766	0.0	0.03362659737467766
Epoch:356 0.11310029029846191	0.03351955860853195	0.0	0.03351955860853195
Epoch:361 0.09364891052246094	0.03338797390460968	0.0	0.03338797390460968
Epoch:366 0.10015225410461426	0.03327598422765732	0.0	0.03327598422765732
Epoch:371 0.10537123680114746	0.03316764906048775	0.0	0.03316764906048775
Epoch:376 0.1280689239501953	0.033060308545827866	0.0	0.033060308545827866
Epoch:381 0.09429383277893066	0.032938290387392044	0.0	0.032938290387392044
Epoch:386 0.10582375526428223	0.03281037136912346	0.0	0.03281037136912346
Epoch:391 0.10442423820495605	0.03273022174835205	0.0	0.03273022174835205
Epoch:396 0.09068775177001953	0.032590996474027634	0.0	0.032590996474027634
Epoch:401 0.0893855094909668	0.032542884349823	0.0	0.032542884349823
Epoch:406 0.09407734870910645	0.032387182116508484	0.0	0.032387182116508484
Epoch:411 0.0889899730682373	0.03229505941271782	0.0	0.03229505941271782
Epoch:416 0.09978413581848145	0.03219617158174515	0.0	0.03219617158174515
Epoch:421 0.09614968299865723	0.0321134515106678	0.0	0.0321134515106678
Epoch:426 0.08913707733154297	0.03201504051685333	0.0	0.03201504051685333
Epoch:431 0.10815668106079102	0.03188629820942879	0.0	0.03188629820942879
Epoch:436 0.10287976264953613	0.03182956203818321	0.0	0.03182956203818321
Epoch:441 0.09717321395874023	0.03167536109685898	0.0	0.03167536109685898
Epoch:446 0.11134958267211914	0.03167041763663292	0.0	0.03167041763663292
Epoch:451 0.09113788604736328	0.03147317096590996	0.0	0.03147317096590996
Epoch:456 0.11108851432800293	0.031357116997241974	0.0	0.031357116997241974
Epoch:461 0.10211753845214844	0.031284574419260025	0.0	0.031284574419260025
Epoch:466 0.11049818992614746	0.031107861548662186	0.0	0.031107861548662186
Epoch:471 0.10356831550598145	0.031107602640986443	0.0	0.031107602640986443
Epoch:476 0.09978914260864258	0.03085656836628914	0.0	0.03085656836628914
Epoch:481 0.09711742401123047	0.0307219959795475	0.0	0.0307219959795475
Epoch:486 0.10283851623535156	0.03057558462023735	0.0	0.03057558462023735
Epoch:491 0.09548544883728027	0.030455004423856735	0.0	0.030455004423856735
Epoch:496 0.10486221313476562	0.030333932489156723	0.0	0.030333932489156723
Epoch:501 0.09881424903869629	0.03023609332740307	0.0	0.03023609332740307
Epoch:506 0.09612607955932617	0.029992688447237015	0.0	0.029992688447237015
Epoch:511 0.11172604560852051	0.029893364757299423	0.0	0.029893364757299423
Epoch:516 0.10278749465942383	0.030172837898135185	0.0	0.030172837898135185
Epoch:521 0.11101078987121582	0.029597291722893715	0.0	0.029597291722893715
Epoch:526 0.0942838191986084	0.029499022290110588	0.0	0.029499022290110588
Epoch:531 0.10504794120788574	0.02932758815586567	0.0	0.02932758815586567
Epoch:536 0.10376548767089844	0.02914130873978138	0.0	0.02914130873978138
Epoch:541 0.09271526336669922	0.02903461828827858	0.0	0.02903461828827858
Epoch:546 0.09245848655700684	0.0288500115275383	0.0	0.0288500115275383
Epoch:551 0.09331965446472168	0.02869676612317562	0.0	0.02869676612317562
Epoch:556 0.09772872924804688	0.028550367802381516	0.0	0.028550367802381516
Epoch:561 0.08651041984558105	0.028419319540262222	0.0	0.028419319540262222
Epoch:566 0.11291837692260742	0.028269993141293526	0.0	0.028269993141293526
Epoch:571 0.09991121292114258	0.028392722830176353	0.0	0.028392722830176353
Epoch:576 0.09715127944946289	0.029535779729485512	0.0	0.029535779729485512
Epoch:581 0.08957266807556152	0.031281448900699615	0.0	0.031281448900699615
Epoch:586 0.09264063835144043	0.02988964132964611	0.0	0.02988964132964611
Epoch:591 0.09614038467407227	0.0286418329924345	0.0	0.0286418329924345
Epoch:596 0.10508227348327637	0.029307207092642784	0.0	0.029307207092642784
Epoch:601 0.1307353973388672	0.028692036867141724	0.0	0.028692036867141724
Epoch:606 0.09998273849487305	0.027868622913956642	0.0	0.027868622913956642
Epoch:611 0.09560847282409668	0.027427731081843376	0.0	0.027427731081843376
Epoch:616 0.1158900260925293	0.02730727382004261	0.0	0.02730727382004261
Epoch:621 0.08965182304382324	0.027156224474310875	0.0	0.027156224474310875
Epoch:626 0.10413956642150879	0.0269745085388422	0.0	0.0269745085388422
Epoch:631 0.10553526878356934	0.026808831840753555	0.0	0.026808831840753555
Epoch:636 0.0832366943359375	0.02661454863846302	0.0	0.02661454863846302
Epoch:641 0.09843182563781738	0.026437558233737946	0.0	0.026437558233737946
Epoch:646 0.09595799446105957	0.026244068518280983	0.0	0.026244068518280983
Epoch:651 0.10107827186584473	0.026059284806251526	0.0	0.026059284806251526
Epoch:656 0.10782194137573242	0.025862406939268112	0.0	0.025862406939268112
Epoch:661 0.10499119758605957	0.02566574327647686	0.0	0.02566574327647686
Epoch:666 0.10614943504333496	0.025454644113779068	0.0	0.025454644113779068
Epoch:671 0.09112858772277832	0.025244738906621933	0.0	0.025244738906621933
Epoch:676 0.10706448554992676	0.02502310462296009	0.0	0.02502310462296009
Epoch:681 0.10308027267456055	0.024802394211292267	0.0	0.024802394211292267
Epoch:686 0.09319305419921875	0.024572361260652542	0.0	0.024572361260652542
Epoch:691 0.10648655891418457	0.024348067119717598	0.0	0.024348067119717598
Epoch:696 0.10265994071960449	0.024145610630512238	0.0	0.024145610630512238
Epoch:701 0.10566377639770508	0.02415120042860508	0.0	0.02415120042860508
Epoch:706 0.09163713455200195	0.024060308933258057	0.0	0.024060308933258057
Epoch:711 0.10146832466125488	0.023685695603489876	0.0	0.023685695603489876
Epoch:716 0.09568428993225098	0.023177139461040497	0.0	0.023177139461040497
Epoch:721 0.10022830963134766	0.02309763990342617	0.0	0.02309763990342617
Epoch:726 0.1022634506225586	0.022792719304561615	0.0	0.022792719304561615
Epoch:731 0.12963557243347168	0.022888902574777603	0.0	0.022888902574777603
Epoch:736 0.1473395824432373	0.022187110036611557	0.0	0.022187110036611557
Epoch:741 0.11473608016967773	0.022797413170337677	0.0	0.022797413170337677
Epoch:746 0.08957791328430176	0.022131340578198433	0.0	0.022131340578198433
Epoch:751 0.10513925552368164	0.021498529240489006	0.0	0.021498529240489006
Epoch:756 0.09557199478149414	0.02111276611685753	0.0	0.02111276611685753
Epoch:761 0.10196256637573242	0.02133241295814514	0.0	0.02133241295814514
Epoch:766 0.09018754959106445	0.020753905177116394	0.0	0.020753905177116394
Epoch:771 0.1016988754272461	0.020655881613492966	0.0	0.020655881613492966
Epoch:776 0.10884976387023926	0.02027520164847374	0.0	0.02027520164847374
Epoch:781 0.09573936462402344	0.020049486309289932	0.0	0.020049486309289932
Epoch:786 0.10773468017578125	0.02016953006386757	0.0	0.02016953006386757
Epoch:791 0.10042524337768555	0.019674571231007576	0.0	0.019674571231007576
Epoch:796 0.1070857048034668	0.0191799383610487	0.0	0.0191799383610487
Epoch:801 0.1075582504272461	0.018724093213677406	0.0	0.018724093213677406
Epoch:806 0.09842610359191895	0.018550440669059753	0.0	0.018550440669059753
Epoch:811 0.0957186222076416	0.01822354458272457	0.0	0.01822354458272457
Epoch:816 0.10904788970947266	0.017855204641819	0.0	0.017855204641819
Epoch:821 0.11899995803833008	0.018243098631501198	0.0	0.018243098631501198
Epoch:826 0.10637927055358887	0.01891607977449894	0.0	0.01891607977449894
Epoch:831 0.09685945510864258	0.019920524209737778	0.0	0.019920524209737778
Epoch:836 0.08613705635070801	0.03494614362716675	0.0	0.03494614362716675
Epoch:841 0.10521936416625977	0.031005069613456726	0.0	0.031005069613456726
Epoch:846 0.09181094169616699	0.03077469766139984	0.0	0.03077469766139984
Epoch:851 0.09226751327514648	0.024260690435767174	0.0	0.024260690435767174
Epoch:856 0.1076204776763916	0.02238054759800434	0.0	0.02238054759800434
Epoch:861 0.09428167343139648	0.02134678140282631	0.0	0.02134678140282631
Epoch:866 0.10624051094055176	0.018885409459471703	0.0	0.018885409459471703
Epoch:871 0.08984160423278809	0.01749316044151783	0.0	0.01749316044151783
Epoch:876 0.0871272087097168	0.016988186165690422	0.0	0.016988186165690422
Epoch:881 0.14001035690307617	0.01670634187757969	0.0	0.01670634187757969
Epoch:886 0.10775279998779297	0.01616777665913105	0.0	0.01616777665913105
Epoch:891 0.13029098510742188	0.01589030772447586	0.0	0.01589030772447586
Epoch:896 0.09233880043029785	0.01557526271790266	0.0	0.01557526271790266
Epoch:901 0.08822822570800781	0.015353101305663586	0.0	0.015353101305663586
Epoch:906 0.10910463333129883	0.015072074718773365	0.0	0.015072074718773365
Epoch:911 0.11382102966308594	0.014862703159451485	0.0	0.014862703159451485
Epoch:916 0.12853670120239258	0.014624722301959991	0.0	0.014624722301959991
Epoch:921 0.14377284049987793	0.014415559358894825	0.0	0.014415559358894825
Epoch:926 0.10594797134399414	0.014214890077710152	0.0	0.014214890077710152
Epoch:931 0.10336184501647949	0.013999109156429768	0.0	0.013999109156429768
Epoch:936 0.09744095802307129	0.013798462226986885	0.0	0.013798462226986885
Epoch:941 0.1051027774810791	0.013600720092654228	0.0	0.013600720092654228
Epoch:946 0.12232708930969238	0.013399760238826275	0.0	0.013399760238826275
Epoch:951 0.09959650039672852	0.013186303898692131	0.0	0.013186303898692131
Epoch:956 0.09858536720275879	0.012988370843231678	0.0	0.012988370843231678
Epoch:961 0.10156917572021484	0.012780560180544853	0.0	0.012780560180544853
Epoch:966 0.10910916328430176	0.01260901428759098	0.0	0.01260901428759098
Epoch:971 0.10517430305480957	0.012414010241627693	0.0	0.012414010241627693
Epoch:976 0.08342671394348145	0.012209771201014519	0.0	0.012209771201014519
Epoch:981 0.10450339317321777	0.01203321572393179	0.0	0.01203321572393179
Epoch:986 0.09498047828674316	0.011842148378491402	0.0	0.011842148378491402
Epoch:991 0.08255887031555176	0.011667236685752869	0.0	0.011667236685752869
Epoch:996 0.09390926361083984	0.011506078764796257	0.0	0.011506078764796257
[Iteration 999/15000] [0.091519] [D loss: -1.496574] [G loss: -4.042511] [0.040573]
[Iteration 1999/15000] [0.093057] [D loss: -0.740031] [G loss: -4.055645] [0.014500]
[Iteration 2999/15000] [0.094800] [D loss: -0.423577] [G loss: -1.982071] [0.019800]
[Iteration 3999/15000] [0.094696] [D loss: -0.421343] [G loss: -0.071360] [0.022403]
[Iteration 4999/15000] [0.088591] [D loss: -0.467342] [G loss: 0.248894] [0.065516]
[Iteration 5999/15000] [0.097705] [D loss: -0.450553] [G loss: -0.001182] [0.040702]
[Iteration 6999/15000] [0.097877] [D loss: -0.500692] [G loss: -0.032423] [0.076678]
[Iteration 7999/15000] [0.095652] [D loss: -0.457715] [G loss: 0.056061] [0.050132]
[Iteration 8999/15000] [0.085265] [D loss: -0.415969] [G loss: -0.152940] [0.045946]
[Iteration 9999/15000] [0.087631] [D loss: -0.315188] [G loss: -0.082724] [0.008118]
[Iteration 10999/15000] [0.095619] [D loss: -0.401477] [G loss: -0.270021] [0.032174]
[Iteration 11999/15000] [0.091652] [D loss: -0.386239] [G loss: -0.437837] [0.025451]
[Iteration 12999/15000] [0.091292] [D loss: -0.408938] [G loss: -0.434554] [0.045130]
[Iteration 13999/15000] [0.094728] [D loss: -0.375290] [G loss: -0.393485] [0.024107]
[Iteration 14999/15000] [0.094450] [D loss: -0.249334] [G loss: -0.574022] [0.042436]


Generating data!
